<?xml version="1.0" encoding="UTF-8"?>
<!-- Generated by org.testng.reporters.JUnitXMLReporter -->
<testsuite hostname="prashanthi-PC" name="Default test" tests="4" failures="0" timestamp="4 Dec 2016 11:39:27 GMT" time="21.026" errors="0">
  <testcase name="testHomePage" time="3.283" classname="com.vmetry.ntltaxi.testcase.HomePageTest"/>
  <testcase name="testHomePage" time="1.407" classname="com.vmetry.ntltaxi.testcase.HomePageTest"/>
  <testcase name="testHomePage" time="1.048" classname="com.vmetry.ntltaxi.testcase.HomePageTest"/>
  <testcase name="testHomePage" time="2.103" classname="com.vmetry.ntltaxi.testcase.HomePageTest"/>
</testsuite> <!-- Default test -->
